<?xml version="1.0" encoding="UTF-8"?>
<testng-results ignored="0" total="1" passed="1" failed="0" skipped="0">
  <reporter-output>
  </reporter-output>
  <suite started-at="2025-09-20T09:49:13 IST" name="Suite" finished-at="2025-09-20T09:49:52 IST" duration-ms="38910">
    <groups>
    </groups>
    <test started-at="2025-09-20T09:49:13 IST" name="Test" finished-at="2025-09-20T09:49:52 IST" duration-ms="38910">
      <class name="com.ShoppersStack_TestScripts.TC_01_VerifyUserIsAbleToAddAddressOrNot_Test">
        <test-method is-config="true" signature="beforeSuite()[pri:0, instance:com.ShoppersStack_TestScripts.TC_01_VerifyUserIsAbleToAddAddressOrNot_Test@3857f613]" started-at="2025-09-20T09:49:13 IST" name="beforeSuite" finished-at="2025-09-20T09:49:13 IST" duration-ms="18" status="PASS">
          <reporter-output>
          </reporter-output>
        </test-method> <!-- beforeSuite -->
        <test-method is-config="true" signature="beforeTest()[pri:0, instance:com.ShoppersStack_TestScripts.TC_01_VerifyUserIsAbleToAddAddressOrNot_Test@3857f613]" started-at="2025-09-20T09:49:13 IST" name="beforeTest" finished-at="2025-09-20T09:49:13 IST" duration-ms="336" status="PASS">
          <reporter-output>
          </reporter-output>
        </test-method> <!-- beforeTest -->
        <test-method is-config="true" signature="beforeClass()[pri:0, instance:com.ShoppersStack_TestScripts.TC_01_VerifyUserIsAbleToAddAddressOrNot_Test@3857f613]" started-at="2025-09-20T09:49:13 IST" name="beforeClass" finished-at="2025-09-20T09:49:17 IST" duration-ms="3434" status="PASS">
          <reporter-output>
          </reporter-output>
        </test-method> <!-- beforeClass -->
        <test-method is-config="true" signature="beforeMethod()[pri:0, instance:com.ShoppersStack_TestScripts.TC_01_VerifyUserIsAbleToAddAddressOrNot_Test@3857f613]" started-at="2025-09-20T09:49:17 IST" name="beforeMethod" finished-at="2025-09-20T09:49:38 IST" duration-ms="20611" status="PASS">
          <reporter-output>
          </reporter-output>
        </test-method> <!-- beforeMethod -->
        <test-method signature="addAddress()[pri:0, instance:com.ShoppersStack_TestScripts.TC_01_VerifyUserIsAbleToAddAddressOrNot_Test@3857f613]" started-at="2025-09-20T09:49:38 IST" name="addAddress" finished-at="2025-09-20T09:49:47 IST" duration-ms="9780" status="PASS">
          <reporter-output>
          </reporter-output>
        </test-method> <!-- addAddress -->
        <test-method is-config="true" signature="afterMethod()[pri:0, instance:com.ShoppersStack_TestScripts.TC_01_VerifyUserIsAbleToAddAddressOrNot_Test@3857f613]" started-at="2025-09-20T09:49:47 IST" name="afterMethod" finished-at="2025-09-20T09:49:48 IST" duration-ms="412" status="PASS">
          <reporter-output>
          </reporter-output>
        </test-method> <!-- afterMethod -->
        <test-method is-config="true" signature="afterClass()[pri:0, instance:com.ShoppersStack_TestScripts.TC_01_VerifyUserIsAbleToAddAddressOrNot_Test@3857f613]" started-at="2025-09-20T09:49:48 IST" name="afterClass" finished-at="2025-09-20T09:49:51 IST" duration-ms="3526" status="PASS">
          <reporter-output>
          </reporter-output>
        </test-method> <!-- afterClass -->
        <test-method is-config="true" signature="afterTest()[pri:0, instance:com.ShoppersStack_TestScripts.TC_01_VerifyUserIsAbleToAddAddressOrNot_Test@3857f613]" started-at="2025-09-20T09:49:51 IST" name="afterTest" finished-at="2025-09-20T09:49:52 IST" duration-ms="735" status="PASS">
          <reporter-output>
          </reporter-output>
        </test-method> <!-- afterTest -->
        <test-method is-config="true" signature="afterSuite()[pri:0, instance:com.ShoppersStack_TestScripts.TC_01_VerifyUserIsAbleToAddAddressOrNot_Test@3857f613]" started-at="2025-09-20T09:49:52 IST" name="afterSuite" finished-at="2025-09-20T09:49:52 IST" duration-ms="1" status="PASS">
          <reporter-output>
          </reporter-output>
        </test-method> <!-- afterSuite -->
      </class> <!-- com.ShoppersStack_TestScripts.TC_01_VerifyUserIsAbleToAddAddressOrNot_Test -->
    </test> <!-- Test -->
  </suite> <!-- Suite -->
</testng-results>
